







                    CCC   Y     Y   CCC    L       EEEEE       TTTTT   EEEEE   M     M   PPPP     OOOO
                   C   C   Y   Y   C   C   L       E             T     E       MM   MM   P   P   O    O
                   C        Y Y    C       L       E             T     E       M M M M   P   P   O    O
                   C         Y     C       L       EEEEE   ===   T     EEEEE   M  M  M   PPPP    O    O
                   C         Y     C       L       E             T     E       M     M   P       O    O
                   C   C     Y     C   C   L       E             T     E       M     M   P       O    O
                    CCC      Y      CCC    LLLLL   EEEEE         T     EEEEE   M     M   P        OOOO






                   Cycle-Tempo :  Thermodynamic Energysystems, Massflow calculation for POwerprocesses 





                   Asimptote BV                             

                   De Schans 23                             

                   5473 PH Heeswijk-Dinther, The Netherlands


                   E-mail address: info@asimptote.com       



                   Cycle-Tempo Release 5.1.6                

                   Calculation Kernel Build 1806181         



                   Problem name        :  c:\users\duggalrohi\onedrive - victoria university of wellington - student\wai_sim\process_model\r12_dupoi
t

                   Problem description :  Description


                   System time         :  13:20:59

                   System date         :  07/03/2022

	
CONFIGURATION OF THE INSTALLATION
================================= 


NUMBER OF APPARATUS               NAPP =  10
NUMBER OF PIPES (LINKS)           NLIN =  10
NUMBER OF THERMAL CYCLES        NCYCLE =   3
TOTAL NUMBER OF TURBINES         NTURB =   1
NUMBER OF TURBINE DRIVEN PUMPS    NTDP =   0
NUMBER OF ABSORTION CYCLES      NABSOR =   0
NUMBER OF GENERATORS            NUMGEN =   1
NUMBER OF PRODUCTION FUNCTIONS  NPRODF =   1
LOAD CONDITION CODE             NDLOAD =   0    =0: DESIGN LOAD RUN
                                               >0: PART LOAD RUN, NDLOAD=NUMBER OF PARTLOAD CONDITIONS (&PARTLD)
DESIGN LOAD FACTOR              DFACTR =1.000000
OUTPUT CONTROL CODE             NPRINT =   4
     0=EXTENSIVE OUTPUT
     1=ALSO PUNCH PARTLOAD DATA
     2=COMPREHENSIVE OUTPUT
     3=MORE COMPREHENSIVE OUTPUT
     4=SHORTENED OUTPUT
ADDITIONAL OUTPUT CONTROL CODE    NXXX =   0
NUMBER OF TRACED APPARATUS      NTRACE =  10

MIN. NUMBER OF MAIN ITERATIONS  MINITM =   0
MAX. NUMBER OF MAIN ITERATIONS  MAXITM =  25
ADD. NUMBER OF MAIN ITERATIONS  MORITM =   0
UNDERRELAXATION INHIBITED AFTER  MAXUR =  25 STEPS
ACCURACY FOR ITERATION             EPS =0.000100
ELECTRICAL FREQUENCY              FREQ = 50.0 HZ

STORAGE USED FOR GENERAL COMMON AREA   =  10730 WORDS OF 4 BYTES


State functions for water/steam calculations:
  IAPWS Industrial Formulation 1997 (IAPWS-IF97)

	

NUMBER OF EQUATIONS
====================

NUMBER OF PRIMARY MASS EQUATIONS    =  7 NUMBER OF APPARATUS 10 MINUS SINKS WITHOUT MASS EQUATION  3

NUMBER OF SECONDARY MASS EQUATIONS  =  2 NUMBER OF TWO MEDIA APPARATUS TYPES 4,5,6,12,20,21,22,23

NUMBER OF PRESCRIBED MASS EQUATIONS  =  0 NUMBER OF TYPES 14,21,25,26,28 AND FOR CERTAIN CONDITIONS: 13,20,22,23

NUMBER OF AUTOMATIC ENERGY EQUATIONS =  1 NUMBER OF TYPES 5,7,11,15 AND IF EEQCOD EQUALS 1: 4,20,21,22,23

NUMBER OF EXPLICIT ENERGY EQUATIONS  =  1 NUMBER OF PRODUCTION FUNCTIONS

MINUS THE NUMBER OF CLOSED CYCLES    =  1 (NUMBER OF OPEN CYCLES =  2)

PLUS THE NUMBER OF ABSORPTION CYCLES =  0

                       MAKES TOGETHER  10 AND NLIN =  10
                       ---------------------------------

	

Cycle-Tempo iteration   0:
--------------------------

Cycle-Tempo iteration   1:
--------------------------
	
Main iteration convergence data 
=============================== 

--------------------------------------------------------------------
|     |                         Massflows                          |
|Iter.|------------------------------------------------------------|
| no. | num. pipes   maximum     pipe max.   maximum     pipe max. |
|     | no conver.   abs. dev.   abs. dev.   rel. dev.   rel. dev. |
|-----|------------------------------------------------------------|
|   1 |      0      0.711E-12         5     0.125E-13         5    |
--------------------------------------------------------------------

Convergence reached in   1 iterations.
--------------------------------------
  Absolute deviation massflow:
    Criterion absolute deviation:     < 0.100E-11
    Max absolute deviation in pipe   5: 0.711E-12
    Relative deviation in this pipe:    0.125E-13
  Relative deviation massflow:
    Criterion relative deviation:     < 0.100E-03
    Max relative deviation in pipe   5: 0.125E-13
    Absolute deviation in this pipe:    0.711E-12

	
     SYSTEM EFFICIENCIES, POWER INPUT AND OUTPUT
     ===========================================

     -----------------------------------------------------------------------
     |             ||  NO  APPARATUS     TYPE |   ENERGY        TOTALS     |
     |             ||                         |    [kW]          [kW]      |
     |=====================================================================|
     |---------------------------------------------------------------------|
     | DELIVERED   ||   1  GENERATOR          |       500.00               | 
     | GROSS POWER ||                         |                     500.00 | 
     |---------------------------------------------------------------------|
     | AUX.POWER   ||   3  Pump            8  |         2.32               | 
     | CONSUMPTION ||   8  Pump            8  |         8.81               | 
     |             ||   9  Pump            8  |         3.63               | 
     |             ||                         |                      14.76 | 
     |---------------------------------------------------------------------|
     | DELIVERED   ||                         |                            | 
     | NET POWER   ||                         |                     485.24 | 
     |---------------------------------------------------------------------|
     | DELIVERED   ||   7  Heat Sink      10  |      3556.75               | 
     | HEAT        ||  11  Heat Sink      10  |      1090.49               | 
     |             ||                         |                    4647.24 | 
     |---------------------------------------------------------------------|
     | TOTAL       ||                         |                            | 
     | DELIVERED   ||                         |                    5132.48 | 
     -----------------------------------------------------------------------
	
ENERGY BALANCE OF THE SYSTEM
============================


DEFINITION OF TOTAL ENERGY
Def. 1: Enthalpy minus enthalpy by environmental
        conditions (water as LIQUID) plus HIGHER heating value
Def. 2: Enthalpy minus enthalpy by environmental
        conditions (water as VAPOUR) plus LOWER heating value


                                         POWER / HEAT TRANSMITTED FROM APPARATUS

   NO    APPARATUS    TYPE      BASED ON ENTHALPY      BASED ON TOTAL ENERGY FLOWS [MW]
                                FLOWS [MW]             DEFINITION 1          DEFINITION 2

    1    Turbine        3             0.500                 0.500                 0.500
    2    Condenser      4             0.000                -0.000                 0.000
    4    Heat Exchgr.   6            -3.391                -3.391                -3.391
    3    Pump           8            -0.002                -0.002                -0.002
    8    Pump           8            -0.007                -0.007                -0.007
    9    Pump           8            -0.003                -0.003                -0.003
    6    Sink/Source   10            -2.385                 3.557               141.824
    7    Heat Sink     10             9.499                 3.557              -134.710
   10    Sink/Source   10            -6.351                -5.301                19.116
   11    Heat Sink     10             2.140                 1.090               -23.327

   10    PIPE                         0.000                 0.000                 0.000
                               -------------- +      -------------- +      -------------- +
      TOTAL TRANSMITTED :             0.000                 0.000                 0.000
	

DATA FOR ALL PIPES; SUBSEQUENTLY INLET AND OUTLET
=================================================


PIPE  MEDIUM     |     MASS-FLOW  MOLE-FLOW  VOL-FLOW  |  PRESSURE   TEMPERATURE  ENTHALPY   ENTROPY   QUALITY  
  NO  TYPE       |      [kg/s]    [kmol/s]    [m3/s]   |   [bar]        [°C]      [kJ/kg]   [kJ/kgK]  [%-VAPOUR]


   1  WATERSTM   |       10.000     0.55509    0.01087 |    52.000      150.03     635.33    1.8371       0.00
                 |                             0.01087 |    52.000      150.03     635.33    1.8371       0.00
   2  R12        |       41.825     0.34592    0.89649 |    10.840      103.79     213.56    0.6683     100.00
                 |                             0.89649 |    10.840      103.79     213.56    0.6683     100.00
   3  R12        |       41.825     0.34592    0.03394 |    10.840       45.01      43.65    0.1457       0.00
                 |                             0.03394 |    10.840       45.01      43.65    0.1457       0.00

   4  WATERSTM   |       10.000     0.55509    0.01010 |    52.000       50.04     213.98    0.7019       0.00
                 |                             0.01010 |    52.000       50.04     213.98    0.7019       0.00
   5  WATERSTM   |       56.627      3.1433    0.05664 |    1.0000       10.00      42.12    0.1511       0.00
                 |                             0.05664 |    1.0000       10.00      42.12    0.1511       0.00
   6  WATERSTM   |       56.627      3.1433    0.05664 |    2.0000       10.01      42.24    0.1512       0.00
                 |                             0.05664 |    2.0000       10.01      42.24    0.1512       0.00

   7  WATERSTM   |       56.627      3.1433    0.05707 |    2.0000       40.01     167.74    0.5724       0.00
                 |                             0.05707 |    2.0000       40.01     167.74    0.5724       0.00
   8  WATERSTM   |       10.000     0.55509    0.01087 |    50.000      150.00     635.06    1.8369       0.00
                 |                             0.01087 |    50.000      150.00     635.06    1.8369       0.00
   9  R12        |       41.825     0.34592    0.03394 |    20.000       45.04      43.69    0.1458       0.00
                 |                             0.03394 |    20.000       45.04      43.69    0.1458       0.00

  10  R12        |       41.825     0.34592    0.48831 |    20.000      130.00     225.51    0.6623     100.00
                 |                             0.48831 |    20.000      130.00     225.51    0.6623     100.00
	

LOSSES IN PIPES
===============

    PIPE      TOTAL PRESSURE   TEMPERATURE     ENTHALPY       ENTROPY     
     NO            DROP         DECREASE       DECREASE       INCREASE    
                   [bar]          [°C]          [kJ/kg]       [kJ/kg.K]   

      10           0.00           0.00           0.00         0.0000

                                              -------- +

TOTAL LOSSES IN PIPES:                           0.00 [kJ/s]
	
ROTATING EQUIPMENT 
================== 

  NO    APPARATUS    TYPE     ISENTROPIC        MECHANICAL          EXHAUST
                              EFF. [%]          EFF. [%]            LOSSES [kJ/kg]

   1    Turbine        3      80.00  input      100.00  default
   3    Pump           8      80.00  input      100.00  fixed  
   8    Pump           8      80.00  input      100.00  fixed  
   9    Pump           8      80.00  input      100.00  fixed  


MOTORS AND GENERATORS 
===================== 

  NO    APPARATUS    TYPE     MECHANICAL        ELECTRICAL        BOTH
                              EFF. [%]          EFF. [%]           [%]

   1    GENERATOR                                               100.00  input  
   3    Pump           8                                         68.09  calc.  
   8    Pump           8                                         80.35  calc.  
   9    Pump           8                                         74.90  calc.  


HEAT EXCHANGING EQUIPMENT
=========================

                               HEAT TRANSMITTED    HIGH TERMINAL     LOW TERMINAL        FLOW-
  NO    APPARATUS    TYPE        IN APPARATUS     TEMP DIFFERENCE   TEMP DIFFERENCE    DIRECTION
                                    [kJ/s]             [°C]              [°C]

   2    Condenser      4           7106.52              5.00             35.00          Counter 
   4    Heat Exchgr.   6           7604.95             20.03              5.00          Counter 
	


==========================================
=                                        =
=     APPARATUSES IN OFF-DESIGN MODE     =
=                                        =
==========================================

NO TURBINES, COMPRESSORS OR HEAT EXCHANGERS PRESENT IN OFF-DESIGN MODE
======================================================================


======================================
=                                    =
=     APPARATUSES IN DESIGN MODE     =
=                                    =
======================================


DESIGN DATA FOR TURBINES
========================


TURBINE NR.   1
===============

NUMBER OF CONNECTED PIPES =  2
INLET VOLUME-FLOW =   0.4883 m3/s

PIPE         PRESSURE           SPEC.VOLUME              TURBINE MASSFLOW
 NR             [bar]              [m3/kg]                  [kg/s]

   2          10.8405               0.02143                41.8255  OUTLET
  10          20.0000               0.01168                41.8255  INLET
  

DESIGN DATA FOR HEAT EXCHANGERS
===============================

NUMBER OF     TERMINAL TEMP. DIFFERENCE     FACTOR       MASS FLOW
APPARATUS        HIGH           LOW           U*A           RATE

    2            5.00           35.00       460.942       56.6272    
    4           20.03            5.00       702.110       41.8255    
