







                    CCC   Y     Y   CCC    L       EEEEE       TTTTT   EEEEE   M     M   PPPP     OOOO
                   C   C   Y   Y   C   C   L       E             T     E       MM   MM   P   P   O    O
                   C        Y Y    C       L       E             T     E       M M M M   P   P   O    O
                   C         Y     C       L       EEEEE   ===   T     EEEEE   M  M  M   PPPP    O    O
                   C         Y     C       L       E             T     E       M     M   P       O    O
                   C   C     Y     C   C   L       E             T     E       M     M   P       O    O
                    CCC      Y      CCC    LLLLL   EEEEE         T     EEEEE   M     M   P        OOOO






                   Cycle-Tempo :  Thermodynamic Energysystems, Massflow calculation for POwerprocesses 





                   Asimptote BV                             

                   De Schans 23                             

                   5473 PH Heeswijk-Dinther, The Netherlands


                   E-mail address: info@asimptote.com       



                   Cycle-Tempo Release 5.1.6                

                   Calculation Kernel Build 1806181         



                   Problem name        :  c:\users\duggalrohi\onedrive - victoria university of wellington - student\wai_sim\process_model\water

                   Problem description :  Description


                   System time         :  10:59:49

                   System date         :  10/03/2022

	
CONFIGURATION OF THE INSTALLATION
================================= 


NUMBER OF APPARATUS               NAPP =  10
NUMBER OF PIPES (LINKS)           NLIN =  10
NUMBER OF THERMAL CYCLES        NCYCLE =   3
TOTAL NUMBER OF TURBINES         NTURB =   1
NUMBER OF TURBINE DRIVEN PUMPS    NTDP =   0
NUMBER OF ABSORTION CYCLES      NABSOR =   0
NUMBER OF GENERATORS            NUMGEN =   1
NUMBER OF PRODUCTION FUNCTIONS  NPRODF =   1
LOAD CONDITION CODE             NDLOAD =   0    =0: DESIGN LOAD RUN
                                               >0: PART LOAD RUN, NDLOAD=NUMBER OF PARTLOAD CONDITIONS (&PARTLD)
DESIGN LOAD FACTOR              DFACTR =1.000000
OUTPUT CONTROL CODE             NPRINT =   4
     0=EXTENSIVE OUTPUT
     1=ALSO PUNCH PARTLOAD DATA
     2=COMPREHENSIVE OUTPUT
     3=MORE COMPREHENSIVE OUTPUT
     4=SHORTENED OUTPUT
ADDITIONAL OUTPUT CONTROL CODE    NXXX =   0
NUMBER OF TRACED APPARATUS      NTRACE =  10

MIN. NUMBER OF MAIN ITERATIONS  MINITM =   0
MAX. NUMBER OF MAIN ITERATIONS  MAXITM =  25
ADD. NUMBER OF MAIN ITERATIONS  MORITM =   0
UNDERRELAXATION INHIBITED AFTER  MAXUR =  25 STEPS
ACCURACY FOR ITERATION             EPS =0.000100
ELECTRICAL FREQUENCY              FREQ = 50.0 HZ

STORAGE USED FOR GENERAL COMMON AREA   =  10730 WORDS OF 4 BYTES


State functions for water/steam calculations:
  IAPWS Industrial Formulation 1997 (IAPWS-IF97)

	

NUMBER OF EQUATIONS
====================

NUMBER OF PRIMARY MASS EQUATIONS    =  7 NUMBER OF APPARATUS 10 MINUS SINKS WITHOUT MASS EQUATION  3

NUMBER OF SECONDARY MASS EQUATIONS  =  2 NUMBER OF TWO MEDIA APPARATUS TYPES 4,5,6,12,20,21,22,23

NUMBER OF PRESCRIBED MASS EQUATIONS  =  0 NUMBER OF TYPES 14,21,25,26,28 AND FOR CERTAIN CONDITIONS: 13,20,22,23

NUMBER OF AUTOMATIC ENERGY EQUATIONS =  1 NUMBER OF TYPES 5,7,11,15 AND IF EEQCOD EQUALS 1: 4,20,21,22,23

NUMBER OF EXPLICIT ENERGY EQUATIONS  =  1 NUMBER OF PRODUCTION FUNCTIONS

MINUS THE NUMBER OF CLOSED CYCLES    =  1 (NUMBER OF OPEN CYCLES =  2)

PLUS THE NUMBER OF ABSORPTION CYCLES =  0

                       MAKES TOGETHER  10 AND NLIN =  10
                       ---------------------------------

	

Cycle-Tempo iteration   0:
--------------------------

Cycle-Tempo iteration   1:
--------------------------
	
Main iteration convergence data 
=============================== 

--------------------------------------------------------------------
|     |                         Massflows                          |
|Iter.|------------------------------------------------------------|
| no. | num. pipes   maximum     pipe max.   maximum     pipe max. |
|     | no conver.   abs. dev.   abs. dev.   rel. dev.   rel. dev. |
|-----|------------------------------------------------------------|
|   1 |      0      0.187E-09         5     0.103E-12         5    |
--------------------------------------------------------------------

Convergence reached in   1 iterations.
--------------------------------------
  Absolute deviation massflow:
    Criterion absolute deviation:     < 0.100E-11
    Max absolute deviation in pipe   5: 0.187E-09
    Relative deviation in this pipe:    0.103E-12
  Relative deviation massflow:
    Criterion relative deviation:     < 0.100E-03
    Max relative deviation in pipe   5: 0.103E-12
    Absolute deviation in this pipe:    0.187E-09

	
     SYSTEM EFFICIENCIES, POWER INPUT AND OUTPUT
     ===========================================

     -----------------------------------------------------------------------
     |             ||  NO  APPARATUS     TYPE |   ENERGY        TOTALS     |
     |             ||                         |    [kW]          [kW]      |
     |=====================================================================|
     |---------------------------------------------------------------------|
     | DELIVERED   ||   1  GENERATOR          |     25000.00               | 
     | GROSS POWER ||                         |                   25000.00 | 
     |---------------------------------------------------------------------|
     | AUX.POWER   ||   3  Pump            8  |       139.75               | 
     | CONSUMPTION ||   8  Pump            8  |       242.44               | 
     |             ||   9  Pump            8  |       502.79               | 
     |             ||                         |                     884.99 | 
     |---------------------------------------------------------------------|
     | DELIVERED   ||                         |                            | 
     | NET POWER   ||                         |                   24115.01 | 
     |---------------------------------------------------------------------|
     | DELIVERED   ||   7  Heat Sink      10  |    -37613.65               | 
     | HEAT        ||  11  Heat Sink      10  |      1219.93               | 
     |             ||                         |                  -36393.72 | 
     -----------------------------------------------------------------------
	
ENERGY BALANCE OF THE SYSTEM
============================


DEFINITION OF TOTAL ENERGY
Def. 1: Enthalpy minus enthalpy by environmental
        conditions (water as LIQUID) plus HIGHER heating value
Def. 2: Enthalpy minus enthalpy by environmental
        conditions (water as VAPOUR) plus LOWER heating value


                                         POWER / HEAT TRANSMITTED FROM APPARATUS

   NO    APPARATUS    TYPE      BASED ON ENTHALPY      BASED ON TOTAL ENERGY FLOWS [MW]
                                FLOWS [MW]             DEFINITION 1          DEFINITION 2

    1    Turbine        3            25.000                25.000                25.000
    2    Condenser      4             0.000                 0.000                 0.000
    4    Heat Exchgr.   6            36.694                36.694                36.694
    3    Pump           8            -0.130                -0.130                -0.130
    8    Pump           8            -0.226                -0.226                -0.226
    9    Pump           8            -0.472                -0.472                -0.472
    6    Sink/Source   10           -76.178               113.608              4529.926
    7    Heat Sink     10           152.172               -37.614             -4453.931
   10    Sink/Source   10          -143.327              -138.080               -15.995
   11    Heat Sink     10             6.466                 1.220              -120.865

    1    PIPE                         0.000                 0.000                 0.000
   10    PIPE                         0.000                 0.000                 0.000
                               -------------- +      -------------- +      -------------- +
      TOTAL TRANSMITTED :             0.000                 0.000                 0.000
	

DATA FOR ALL PIPES; SUBSEQUENTLY INLET AND OUTLET
=================================================


PIPE  MEDIUM     |     MASS-FLOW  MOLE-FLOW  VOL-FLOW  |  PRESSURE   TEMPERATURE  ENTHALPY   ENTROPY   QUALITY  
  NO  TYPE       |      [kg/s]    [kmol/s]    [m3/s]   |   [bar]        [°C]      [kJ/kg]   [kJ/kgK]  [%-VAPOUR]


   1  WATERSTM   |       50.000      2.7754     3.8253 |    28.000      250.00    2866.54    6.3365     100.00
                 |                              3.8253 |    28.000      250.00    2866.54    6.3365     100.00
   2  WATERSTM   |       37.115      2.0602     1344.4 |  0.031710       25.01    2146.30    7.2142      83.61
                 |                              1344.4 |  0.031710       25.01    2146.30    7.2142      83.61
   3  WATERSTM   |       37.115      2.0602    0.03723 |  0.031710       25.01     104.87    0.3673       0.00
                 |                             0.03723 |  0.031710       25.01     104.87    0.3673       0.00

   4  WATERSTM   |       50.000      2.7754    0.05016 |    29.000       30.23     129.33    0.4390       0.00
                 |                             0.05016 |    29.000       30.23     129.33    0.4390       0.00
   5  WATERSTM   |       1808.7      100.40     1.8092 |    1.0000       10.00      42.12    0.1511       0.00
                 |                              1.8092 |    1.0000       10.00      42.12    0.1511       0.00
   6  WATERSTM   |       1808.7      100.40     1.8092 |    2.0000       10.01      42.24    0.1512       0.00
                 |                              1.8092 |    2.0000       10.01      42.24    0.1512       0.00

   7  WATERSTM   |       1808.7      100.40     1.8119 |    2.0000       20.01      84.13    0.2966       0.00
                 |                              1.8119 |    2.0000       20.01      84.13    0.2966       0.00
   8  WATERSTM   |       50.000      2.7754     3.7297 |    29.000      254.84    2875.97    6.3400     100.00
                 |                              3.7297 |    29.000      254.84    2875.97    6.3400     100.00
   9  WATERSTM   |       37.115      2.0602    0.03718 |    28.000       25.23     108.37    0.3697       0.00
                 |                             0.03718 |    28.000       25.23     108.37    0.3697       0.00

  10  WATERSTM   |       37.115      2.0602     2.7003 |    28.000      235.00    2819.88    6.2460     100.00
                 |                              2.7003 |    28.000      235.01    2819.88    6.2460     100.00
	

LOSSES IN PIPES
===============

    PIPE      TOTAL PRESSURE   TEMPERATURE     ENTHALPY       ENTROPY     
     NO            DROP         DECREASE       DECREASE       INCREASE    
                   [bar]          [°C]          [kJ/kg]       [kJ/kg.K]   

       1           0.00           0.00           0.00         0.0000
      10           0.00          -0.01           0.00         0.0000

                                              -------- +

TOTAL LOSSES IN PIPES:                           0.00 [kJ/s]
	
ROTATING EQUIPMENT 
================== 

  NO    APPARATUS    TYPE     ISENTROPIC        MECHANICAL          EXHAUST
                              EFF. [%]          EFF. [%]            LOSSES [kJ/kg]

   1    Turbine        3      70.00  input      100.00  default
   3    Pump           8      80.00  input      100.00  fixed  
   8    Pump           8      80.00  input      100.00  fixed  
   9    Pump           8      80.00  input      100.00  fixed  


MOTORS AND GENERATORS 
===================== 

  NO    APPARATUS    TYPE     MECHANICAL        ELECTRICAL        BOTH
                              EFF. [%]          EFF. [%]           [%]

   1    GENERATOR                                               100.00  input  
   3    Pump           8                                         93.07  calc.  
   8    Pump           8                                         93.28  calc.  
   9    Pump           8                                         93.83  calc.  


HEAT EXCHANGING EQUIPMENT
=========================

                               HEAT TRANSMITTED    HIGH TERMINAL     LOW TERMINAL        FLOW-
  NO    APPARATUS    TYPE        IN APPARATUS     TEMP DIFFERENCE   TEMP DIFFERENCE    DIRECTION
                                    [kJ/s]             [°C]              [°C]

   2    Condenser      4          75768.13              5.00             15.00          Counter 
   4    Heat Exchgr.   6         100638.07             19.84              5.00          Counter 
	


==========================================
=                                        =
=     APPARATUSES IN OFF-DESIGN MODE     =
=                                        =
==========================================

NO TURBINES, COMPRESSORS OR HEAT EXCHANGERS PRESENT IN OFF-DESIGN MODE
======================================================================


======================================
=                                    =
=     APPARATUSES IN DESIGN MODE     =
=                                    =
======================================


DESIGN DATA FOR TURBINES
========================


TURBINE NR.   1
===============

NUMBER OF CONNECTED PIPES =  2
INLET VOLUME-FLOW =   2.7003 m3/s

PIPE         PRESSURE           SPEC.VOLUME              TURBINE MASSFLOW
 NR             [bar]              [m3/kg]                  [kg/s]

   2           0.0317              36.22339                37.1151  OUTLET
  10          28.0000               0.07276                37.1151  INLET
  

DESIGN DATA FOR HEAT EXCHANGERS
===============================

NUMBER OF     TERMINAL TEMP. DIFFERENCE     FACTOR       MASS FLOW
APPARATUS        HIGH           LOW           U*A           RATE

    2            5.00           15.00       8323.96       1808.70    
    4           19.84            5.00       9346.88       37.1151    
