
       @@@@@   @@   @  @   @@@  @  @   @@       @@@  @  @   @  @  @  @      @@   @@@@@  @   @@   @   @     @@@   @  @  @   @
         @    @  @  @  @  @     @  @  @  @     @     @  @@ @@  @  @  @     @  @    @    @  @  @  @@  @     @  @  @  @  @@  @
         @    @  @  @  @  @ @@  @@@@    @       @@   @  @ @ @  @  @  @     @@@@    @    @  @  @  @ @ @     @@@   @  @  @ @ @
         @    @  @  @  @  @  @  @  @   @          @  @  @   @  @  @  @     @  @    @    @  @  @  @  @@     @ @   @  @  @  @@
         @     @@    @@    @@@  @  @  @@@@     @@@   @  @   @   @@   @@@@  @  @    @    @   @@   @   @     @  @   @@   @   @


                    TOUGH2 IS A PROGRAM FOR MULTIPHASE MULTICOMPONENT FLOW IN PERMEABLE MEDIA, INCLUDING HEAT FLOW.
                   IT IS A MEMBER OF THE MULKOM FAMILY OF CODES, DEVELOPED AT LAWRENCE BERKELEY NATIONAL LABORATORY.

                          ********************************************************************************
                          *******************                                         ********************
                          *******************   TOUGH2 - VERSION 2.0 (OCTOBER 1999)   ********************
                          *******************          T2CG2 Solver Package           ********************
                          *******************                                         ********************
                          ********************************************************************************

        Copyright 1999 by The Regents of the University of California (subject to approval by the U.S. Department of Energy).

 NOTICE: This software was developed under funding from the U.S. Department of Energy and the U.S. Government consequently retains
 certain rights as follows: the U.S. Government has been granted for itself and others acting on its behalf a paid-up, nonexclusive,
 irrevocable, worldwide license in the software to reproduce, prepare derivative works, and perform publicly and display publicly.
 Beginning five (5) years after the date permission to assert copyright is obtained from the U.S. Department of Energy, and subject
 to any subsequent five (5) year renewals, the U.S. Government is granted for itself and others acting on its behalf a paid-up,
 nonexclusive, irrevocable, worldwide license in the software to reproduce, prepare derivative works, distribute copies to the
 public, perform publicly and display publicly, and to permit others to do so.


 PARAMETERS FOR FLEXIBLE DIMENSIONING OF MAJOR ARRAYS (MAIN PROGRAM) ARE AS FOLLOWS

 MNEL = 100000   MNCON = 300000   MNEQ =  4   MNK =  3   MNPH =  3   MNB =  8   MNOGN = 5000   MGTAB =  2000
 ===================================================================================================================================

 MAXIMUM NUMBER OF VOLUME ELEMENTS (GRID BLOCKS):            MNEL  =  100000
 MAXIMUM NUMBER OF CONNECTIONS (INTERFACES):                 MNCON =  300000
 MAXIMUM LENGTH OF PRIMARY VARIABLE ARRAYS:                  MPRIM =  400000
 MAXIMUM NUMBER OF GENERATION ITEMS (SINKS/SOURCES):         MNOGN =    5000
 MAXIMUM NUMBER OF TABULAR (TIME-DEPENDENT) GENERATION DATA: MGTAB =    2000
 LENGTH OF SECONDARY PARAMETER ARRAY:                        MSEC  =17500000
 MAXIMUM NUMBER OF JACOBIAN MATRIX ELEMENTS:                 MNZ   =11200000

 LARGE LINEAR EQUATION ARRAYS: LENGTH OF IRN IS              LIRN  =11200000
                               LENGTH OF ICN AND CO IS       LICN  =11200000

 ===================================================================================================================================

 array dimensioning is made according to the needs of the conjugate gradient solvers
 when using MA28 or LUBAND, only a smaller-size problem can be accommodated
 restriction with MA28 is: {number of elements} + 2 * {number of connections} < {MNEL + 2* MNCON}/4

 ===================================================================================================================================


 SUMMARY OF DISK FILES

 FILE *VERS*  EXISTS --- OPEN AS AN OLD FILE
 FILE *MESH*  EXISTS --- OPEN AS AN OLD FILE
 FILE *INCON* EXISTS --- OPEN AS AN OLD FILE
 FILE *GENER* EXISTS --- OPEN AS AN OLD FILE
 FILE *SAVE*  EXISTS --- OPEN AS AN OLD FILE
 FILE *LINEQ* EXISTS --- OPEN AS AN OLD FILE
 FILE *TABLE* EXISTS --- OPEN AS AN OLD FILE

 ===================================================================================================================================

     PROBLEM TITLE:                                                                                  



 DOMAIN NO.  1     MATERIAL NAME -- dfalt

 DOMAIN NO.  2     MATERIAL NAME -- ignim
     
 WRITE FILE *MESH* FROM INPUT DATA
     
 WRITE FILE *INCON* FROM INPUT DATA

                        ************************************************************************************
                        *                       EVALUATE FLOATING POINT ARITHMETIC                         *
                        ************************************************************************************
                        *                                                                                  *
                        * FLOATING POINT PROCESSOR HAS APPROXIMATELY 19 SIGNIFICANT DIGITS                 *
                        *                                                                                  *
                        * DEFAULT VALUE OF INCREMENT FACTOR FOR NUMERICAL DERIVATIVES IS DFAC = 0.2322E-09 *
                        * DEFAULT VALUE FOR DFAC WILL BE USED                                              *
                        *                                                                                  *
                        ************************************************************************************

 
*        The numbers of connections in the X-, Y- and Z-directions are     1,     0 and     0 respectively                       *
*                                                                                                                                *
**********************************************************************************************************************************


 all NCON =      1 connections read from file *MESH* reference known elements, and have been initialized to the data arrays


 &&&&&&&&&&&&&&&&&&&&&&&&&&&&&&&&&&&&&&&&&&&&&&&&&&&&&&&&&&&&&&&&&&&&&&&&&&&&&&&&&&&&&&&&&&&&&&&&&&&&&&&&&&&&&&&&&&&&&&&&&&&&&&&&&&&
 &&&&&&&&&&&&&&&&&&&&&&&&&&&&&&&&&   Summary of capabilities for random permeability modification   &&&&&&&&&&&&&&&&&&&&&&&&&&&&&&&&
 &&&&&&&&&&&&&&&&&&&&&&&&&&&&&&&&&&&&&&&&&&&&&&&&&&&&&&&&&&&&&&&&&&&&&&&&&&&&&&&&&&&&&&&&&&&&&&&&&&&&&&&&&&&&&&&&&&&&&&&&&&&&&&&&&&&

 Modification of absolute permeability on a grid block-by-grid block basis will be made when a domain "SEED " is present in data
 block "ROCKS", as follows.
                                    k    --->    k' = k*m

 Here, k is the absolute permeability specified for the reservoir domain to which the grid block belongs. Parameter m is a
 "permeability modifier" which can be internally generated or externally prescribed by the user on a block-by-block basis.

 When permeability modification is in effect, the strength of capillary pressure will, following Leverett (1941), automatically be
 scaled as   Pcap ---> Pcap' = Pcap/SQRT(m).

 User-supplied permeability modifiers have to be entered as parameter "PMX" in columns 41-50 of an ELEMEnt record.
 Permeability modification options are selected through parameters in data block "ROCKS".

 &&&&&&&&&&&&&&&&&&&&&&&&&&&&&&&&&&&&&&&&&&&&&&&&&&&&&&&&&&&&&&&&&&&&&&&&&&&&&&&&&&&&&&&&&&&&&&&&&&&&&&&&&&&&&&&&&&&&&&&&&&&&&&&&&&&
 Summary of available permeability modification options
          (with s - random number between 0 and 1; PMX - user-supplied modifiers in data block "ELEME"):
      (1) externally supplied:        m = PMX - PER(2)
      (2) "linear"      (DROK.ne.0):  m = PER(1) * s - PER(2)
      (3) "logarithmic" (DROK.eq.0):  m = exp(- PER(1) * s) - PER(2)
 &&&&&&&&&&&&&&&&&&&&&&&&&&&&&&&&&&&&&&&&&&&&&&&&&&&&&&&&&&&&&&&&&&&&&&&&&&&&&&&&&&&&&&&&&&&&&&&&&&&&&&&&&&&&&&&&&&&&&&&&&&&&&&&&&&&

            &&&& if a domain "SEED " is present, permeability modification will be made
            &&&& if no domain "SEED " is present, no permeability modification will be made
 >>>>>>>>>>>>>>>>>>>>>>>>>>>>>>>>>>>>>>>>>>>>>>>>>>>>>>>>>>>>>>>>>><<<<<<<<<<<<<<<<<<<<<<<<<<<<<<<<<<<<<<<<<<<<<<<<<<<<<<<<<<<<<<<<<
 >>>>>>>>>>>>>>>>>>>>>>>>>>>  domain = "SEED " is not present, no permeability modification will be made  <<<<<<<<<<<<<<<<<<<<<<<<<<
 >>>>>>>>>>>>>>>>>>>>>>>>>>>>>>>>>>>>>>>>>>>>>>>>>>>>>>>>>>>>>>>>>><<<<<<<<<<<<<<<<<<<<<<<<<<<<<<<<<<<<<<<<<<<<<<<<<<<<<<<<<<<<<<<<<

 Data provided in domain "SEED " are used to select the following options.

 DROK   = *** random number seed for internal generation of "linear" permeability modifiers.
        = 0: (default) no internal generation of "linear" permeability modifiers.
        > 0: perform "linear" permeability modification; random modifiers are generated internally with DROK as seed.

 POR    = *** random number seed for internal generation of "logarithmic" permeability modifiers,
        = 0: (default) no internal generation of "logarithmic" permeability modifiers.
        > 0: perform "logarithmic" permeability modification; random modifiers are generated internally with POR as seed.

            &&&&&&&&&&&&&&&&&&&&&&&&&&&&&&&&&&&&&&&&&&&&&&&&&&&&&&&&&&&&&&&&&&&&&&&&&&&&&&&&&&&&&&&&&&&&&&&&&&&&&&&&&&&&&&&&&&&&&&&&
            &&&&& note: if both DROK and POR are specified as non-zero, DROK takes precedence                                  &&&&&
            &&&&&       if both DROK and POR are zero, permeability modifiers as supplied through "ELEME" data will be used    &&&&&
            &&&&&&&&&&&&&&&&&&&&&&&&&&&&&&&&&&&&&&&&&&&&&&&&&&&&&&&&&&&&&&&&&&&&&&&&&&&&&&&&&&&&&&&&&&&&&&&&&&&&&&&&&&&&&&&&&&&&&&&&

 PER(1) = *** scale factor (optional) for internally generated  permeability modifiers.
        = 0: (defaults to PER(1) = 1): permeability modifiers are generated as random numbers in the interval (0, 1).
        > 0: permeability modifiers are generated as random numbers in the interval (0, PER(1)).

 PER(2) = *** shift (optional) for internal or external permeability modifiers.
        = 0: (default) no shift is applied to permeability modifiers.
        > 0: permeability modifiers are shifted according to m' = m - PER(2). All m' < 0 are set equal to zero.


 MESH HAS      2 ELEMENTS (      2 ACTIVE) AND      1 CONNECTIONS (INTERFACES) BETWEEN THEM
 GENER HAS     0 SINKS/SOURCES

**********************************************************************************************************************************
*                                                                                                                                *
*                           M A T R I X   S O L V E R   A N D   R E L E V A N T   I N F O R M A T I O N                          *
*                                                                                                                                *
**********************************************************************************************************************************

    The solver is determined from MOP(21)
    The solution method indicator MATSLV =  0     - reset internally to the default, MATSLV = 3

    The solution method indicator MATSLV =  3
         MATSLV = 1: SUBROUTINE MA28   - Direct solver using LU decomposition 
         MATSLV = 2: SUBROUTINE DSLUBC - BI-CONJUGATE GRADIENT SOLVER
                                         Incomplete LU factorization preconditioning
         MATSLV = 3: SUBROUTINE DSLUCS (DEFAULT) - Lanczos-type Conjugate Gradient Squared solver 
                                                   Incomplete LU factorization preconditioning
         MATSLV = 4: SUBROUTINE DSLUGM - Generalized Minimum Residual Conjugate Gradient solver
                                         Incomplete LU factorization preconditioning
         MATSLV = 5: SUBROUTINE DLUSTB - STABILIZED BI-CONJUGATE GRADIENT SOLVER 
                                         Incomplete LU factorization preconditioning
         MATSLV = 6: SUBROUTINE LUBAND - Direct solver using LU decomposition 

    RITMAX: Maximum # of CG iterations as fraction of the total number of equations           =  1.00000E-01
         (0.0 < RITMAX <= 1.0,   Default = 0.1)
    CLOSUR: Convergence criterion for the CG iterations                                       =  1.00000E-06
         (1.0e-12 <= CLOSUR <= 1.0e-6,  Default = 1.0e-6)
    NMAXIT: Maximum # of CG iterations - not to exceed the total number of equations NELA*NEQ =    20
         (20 < NMAXIT <= NREDM)


    The matrix Z-preprocessing system is ZPROCS = Z1

         ZPROCS = Z0: No Z-preprocessing; default for NEQ = 1 and for MATSLV = 1, 6
         ZPROCS = Z1: Replacement of zeros on the main-diagonal by a small number; 
                       default for NEQ > 1 and for 1 < MATSLV < 6
         ZPROCS = Z2: Linear combination of equations in each element to produce non-zero main diagonal entries
         ZPROCS = Z3: Normalization of equations, followed by Z2
         ZPROCS = Z4: Same as in OPROCS = O4


    The matrix O-preprocessing system is OPROCS = O0

         OPROCS = O0: No O-preprocessing; default for NEQ = 1 and for MATSLV = 1, 6
         OPROCS = O1: Elimination of lower half of the main-diagonal submatrix with center pivoting
         OPROCS = O2: O1+Elimination of upper half of the main-diagonal submatrix with center pivoting
         OPROCS = O3: O2+Normalization - Results in unit main-diagonal submatrices 
         OPROCS = O4: pre-processing which results in unit main-diagonal submatrices without center pivoting



 END OF TOUGH2 INPUT JOB --- ELAPSED TIME =   0.0000 SECONDS


 ***********************************************************************************************************************************
 *          ARRAY *MOP* ALLOWS TO GENERATE MORE PRINTOUT IN VARIOUS SUBROUTINES, AND TO MAKE SOME CALCULATIONAL CHOICES.           *
 ***********************************************************************************************************************************

   MOP(1)  = 0 *** ALLOWS TO GENERATE A SHORT PRINTOUT FOR EACH NEWTON-RAPHSON ITERATION
           = 0, 1, OR 2: GENERATE 0, 1, OR 2 LINES OF PRINTOUT

            MORE PRINTOUT IS GENERATED FOR MOP(I) > 0 IN THE FOLLOWING SUBROUTINES (THE LARGER MOP IS, THE MORE WILL BE PRINTED).

   MOP(2)  = 0 *** CYCIT       MOP(3) = 0 *** MULTI       MOP(4) = 0 *** QU       MOP(5) = 0 *** EOS       MOP(6) = 0 *** LINEQ    
   MOP(8)  = 0 *** DISF (T2DM ONLY)

   MOP(7)  = 0 *** IF UNEQUAL ZERO, WILL GENERATE A PRINTOUT OF INPUT DATA

            CALCULATIONAL CHOICES OFFERED BY MOP ARE AS FOLLOWS:

   MOP(9)  = 0 *** CHOOSES FLUID COMPOSITION ON WITHDRAWAL (PRODUCTION).
           = 0: ACCORDING TO RELATIVE MOBILITIES.
           = 1: ACCORDING TO COMPOSITION IN PRODUCING ELEMENT.

   MOP(10) = 2 *** CHOOSES INTERPOLATION FORMULA FOR DEPENDENCE OF THERMAL CONDUCTIVITY ON LIQUID SATURATION (SL).
           = 0: K = KDRY + SQRT(SL)*(KWET-KDRY)
           = 1: K = KDRY + SL*(KWET-KDRY)

   MOP(11) = 0 *** CHOOSES EVALUATION OF MOBILITY AND ABSOLUTE PERMEABILITY AT INTERFACES.
           = 0: MOBILITIES ARE UPSTREAM WEIGHTED WITH WUP. (DEFAULT IS WUP = 1.0). PERMEABILITY IS UPSTREAM WEIGHTED.
           = 1: MOBILITIES ARE AVERAGED BETWEEN ADJACENT ELEMENTS. PERMEABILITY IS UPSTREAM WEIGHTED.
           = 2: MOBILITIES ARE UPSTREAM WEIGHTED WITH WUP. (DEFAULT IS WUP = 1.0). PERMEABILITY IS HARMONIC WEIGHTED.
           = 3: MOBILITIES ARE AVERAGED BETWEEN ADJACENT ELEMENTS. PERMEABILITY IS HARMONIC WEIGHTED.
           = 4: MOBILITY * PERMEABILITY PRODUCT IS HARMONIC WEIGHTED.

   MOP(12) = 0 *** CHOOSES PROCEDURE FOR INTERPOLATING GENERATION RATES FROM A TIME TABLE.
           = 0: TRIPLE LINEAR INTERPOLATION.
           = 1: "STEP FUNCTION" OPTION.

   MOP(13) = 0 *** T2DM ONLY.  SPECIFIES ASSIGNMENT OF COMPONENTS OF BOUNDARY VELOCITY AND CONCENTRATION GRADIENT VECTORS.
                   AFFECTS ONLY THE INTERPOLATED  COMPONENTS.  DIRECT COMPONENTS ARE USED WHERE AVAILABLE.
           = 0: VELOCITY AND GRADIENT AT BOUNDARY ARE ZERO.
           = 1: VELOCITY IS ZERO; GRADIENT AT BOUNDARY IS NEAREST-NEIGHBOR.
           = 2: VELOCITY IS NEAREST NEIGHBOR; GRADIENT AT BOUNDARY IS ZERO.
           = 3: VELOCITY AND GRADIENT AT BOUNDARY ARE NEAREST-NEIGHBOR.

   MOP(14) = 0 *** SPECIFIES THE HANDLING OF PIVOT FAILURES IN THE LINEAR EQUATION SOLUTION (MA28 only)
           = 0: PERFORM NEW MATRIX DECOMPOSITION AFTER PIVOT FAILURE
           > 0: IGNORE PIVOT FAILURE AND PROCEED

   MOP(15) = 0 *** ALLOWS TO SELECT A SEMI-ANALYTICAL HEAT EXCHANGE CALCULATION WITH CONFINING BEDS.
           = 0: NO SEMI-ANALYTICAL HEAT EXCHANGE
           > 0: SEMI-ANALYTICAL HEAT EXCHANGE ENGAGED (WHEN A SPECIAL SUBROUTINE MODULE *QLOSS* IS PRESENT)

   MOP(16) = 0 *** PERMITS TO CHOOSE TIME STEP SELECTION OPTION
           = 0: USE TIME STEPS EXPLICITLY PROVIDED AS INPUT.
           > 0: INCREASE TIME STEP BY AT LEAST A FACTOR 2, IF CONVERGENCE OCCURS IN .LE. MOP(16) ITERATIONS.

   MOP(17) = 0 *** HANDLES SCALING OPTIONS.
           = 0: NO SCALING.
           = 7: SCALING.

   MOP(18) = 0 *** ALLOWS TO SELECT HANDLING OF INTERFACE DENSITY.
           = 0: PERFORM UPSTREAM WEIGHTING FOR INTERFACE DENSITY.
           > 0: COMPUTE INTERFACE DENSITY AS AVERAGE OF THE TWO GRID BLOCK DENSITIES.
                HOWEVER, WHEN ONE OF THE TWO PHASE SATURATIONS IS ZERO, DO UPSTREAM WEIGHTING.

   MOP(19) = 0 *** is used in some EOS-modules for selecting different options

   MOP(20) = 0 *** is used in some EOS-modules for selecting different options

   MOP(21) = 0 *** PERMITS TO SELECT LINEAR EQUATION SOLVER
           = 0: DEFAULTS TO MOP(21) = 3
           = 1: DIRECT SOLVER - MA28
           = 2: SUBROUTINE DSLUBC: BI-CONJUGATE GRADIENT SOLVER; PRECONDITIONER: INCOMPLETE LU FACTORIZATION
           = 3: SUBROUTINE DSLUCS: BI-CONJUGATE GRADIENT SOLVER - LANCZOS TYPE; PRECONDITIONER: INCOMPLETE LU FACTORIZATION
           = 4: SUBROUTINE DSLUGM: GENERALIZED MINIMUM RESIDUAL CONJUGATE GRADIENTS; PRECONDITIONER: INCOMPLETE LU FACTORIZATION
           = 5: SUBROUTINE DLUSTB: Stabilized bi-conjugate gradient solver; PRECONDITIONER: INCOMPLETE LU FACTORIZATION
           = 6: SUBROUTINE LUBAND: Direct solver using LU decomposition


   MOP(22) = 0 *** T2DM ONLY.  SPECIFIES METHOD OF SUMMATION OF DUPLICATE ELEMENTS IN THE JACOBIAN. ***
           = 0: USE SUMDUP2.
           = 1: USE SUMDUP.
           = 2: IF MATSLV = 1, USE MA28 INTERNAL SUMMATION.

   MOP(23) = 0 *** T2DM ONLY.  HANDLES EFFECTS OF NON-CONNECTED NEIGHBOR GRID BLOCKS ON DISPERSIVE FLUX IN  DISF. ***
           = 0: INCLUDE INFLUENCE OF NEIGHBOR GRID BLOCKS.  (MORE ACCURATE JACOBIAN, SLOWER LINEAR EQUATION SOLUTION).
           = 1: NEGLECT INFLUENCE OF NEIGHBOR GRID BLOCKS.  (LESS ACCURATE JACOBIAN, FASTER LINEAR EQUATION SOLUTION).


   MOP(24) = 0 *** PERMITS TO SELECT HANDLING OF MULTIPHASE DIFFUSIVE FLUXES AT INTERFACES
           = 0: HARMONIC WEIGHTING OF FULLY-COUPLED EFFECTIVE MULTIPHASE DIFFUSIVITY
           = 1: SEPARATE HARMONIC WEIGHTING OF GAS AND LIQUID PHASE DIFFUSIVITIES.

 ***********************************************************************************************************************************

 ***********************************************************************************************************************************
 *                    EOS1: EQUATION OF STATE FOR WATER (OPTIONAL: TWO-WATER MIXTURES)                                             *
 ***********************************************************************************************************************************


    OPTIONS SELECTED ARE: (NK,NEQ,NPH,NB) = (1,2,2,6)

                           NK  =  1   - NUMBER OF FLUID COMPONENTS
                           NEQ =  2   - NUMBER OF EQUATIONS PER GRID BLOCK
                           NPH =  2   - NUMBER OF PHASES THAT CAN BE PRESENT
                           NB  =  6   - NUMBER OF SECONDARY PARAMETERS (OTHER THAN COMPONENT MASS FRACTIONS)

                   For NK = 1 or NB = 6, diffusion is "off", for NK = 2 and NB = 8, diffusion is "on"


    AVAILABLE OPTIONS ARE: (NK,NEQ,NPH,NB) = (1,2,2,6 or 8) - ONE WATER COMPONENT, NON-ISOTHERMAL
                                             (1,1,2,6 or 8) - ONLY LIQUID, OR ONLY VAPOR, ISOTHERMAL
                                             (2,3,2,6 or 8) - TWO WATERS, NON-ISOTHERMAL

    Default options are (1,2,2,6) - "one" water, diffusion "off"

 ***********************************************************************************************************************************


 THE PRIMARY VARIABLES ARE
  P - PRESSURE         T - TEMPERATURE         X2 - MASS FRACTION OF WATER "2"         S - GAS PHASE SATURATION

 _______________________________________________________

     PHASE CONDITION               PRIMARY VARIABLES
 _______________________________________________________

     SINGLE-PHASE GAS                P, T, [X2]

     SINGLE-PHASE LIQUID             P, T, [X2]

     TWO-PHASE                       P, S, [X2]

 _______________________________________________________


 ..... NEGLECT VAPOR PRESSURE LOWERING .....

 ***********************************************************************************************************************************

 *********** VOLUME- AND MASS-BALANCES *******************************************************************************************

 ********** [KCYC,ITER] = [   0,  0] *****                        THE TIME IS  0.00000E+00 SECONDS, OR  0.00000E+00 DAYS


 PHASE VOLUMES IN PLACE
 GAS 0.00000E+00 M**3;  AQUEOUS 0.20000E+04 M**3

 MASS IN PLACE
 GAS 0.00000E+00 KG;    AQUEOUS 0.19464E+07 KG;  TOTAL H2O 0.19464E+07 KG;  H2O(2) 0.00000E+00 KG;  INT. ENERGY 0.60812E+12 J

 *********************************************************************************************************************************


   a 1(   1,  2) ST = 0.100000E+05 DT = 0.100000E+05 DX1= 0.639499E+05 DX2= 0.601979E-02 T =  50.006 P =   263950. S = 0.000000E+00

                                                                                 

          OUTPUT DATA AFTER (   1,  2)-2-TIME STEPS                                                    THE TIME IS  0.11574E+00 DAYS

 @@@@@@@@@@@@@@@@@@@@@@@@@@@@@@@@@@@@@@@@@@@@@@@@@@@@@@@@@@@@@@@@@@@@@@@@@@@@@@@@@@@@@@@@@@@@@@@@@@@@@@@@@@@@@@@@@@@@@@@@@@@@@@@@@@@
 
   TOTAL TIME   KCYC   ITER  ITERC    KON    DX1M         DX2M         DX3M                      RERM        NER    KER    DELTEX
  0.10000E+05      1      2      2      2 0.639499E+05 0.681810E-02 0.000000E+00              0.146267E-06     1     2 0.100000E+05

 @@@@@@@@@@@@@@@@@@@@@@@@@@@@@@@@@@@@@@@@@@@@@@@@@@@@@@@@@@@@@@@@@@@@@@@@@@@@@@@@@@@@@@@@@@@@@@@@@@@@@@@@@@@@@@@@@@@@@@@@@@@@@@@@@@@
 
 ELEM.  INDEX     P           T          SG          SW          X1          X2       PCAP                       DG          DW
                 (PA)      (DEG-C)                                                    (PA)                    (KG/M**3)   (KG/M**3)

   a 1     1 0.26395E+06 0.50006E+02 0.00000E+00 0.10000E+01 0.10000E+01 0.00000E+00 0.00000E+00             0.83040E-01 0.98814E+03
   b 1     2 0.33754E+06 0.99993E+02 0.00000E+00 0.10000E+01 0.10000E+01 0.00000E+00 0.00000E+00             0.59759E+00 0.95824E+03

 @@@@@@@@@@@@@@@@@@@@@@@@@@@@@@@@@@@@@@@@@@@@@@@@@@@@@@@@@@@@@@@@@@@@@@@@@@@@@@@@@@@@@@@@@@@@@@@@@@@@@@@@@@@@@@@@@@@@@@@@@@@@@@@@@@@
 

 *********** VOLUME- AND MASS-BALANCES *******************************************************************************************

 ********** [KCYC,ITER] = [   1,  2] *****                        THE TIME IS  0.10000E+05 SECONDS, OR  0.11574E+00 DAYS


 PHASE VOLUMES IN PLACE
 GAS 0.00000E+00 M**3;  AQUEOUS 0.20000E+04 M**3

 MASS IN PLACE
 GAS 0.00000E+00 KG;    AQUEOUS 0.19464E+07 KG;  TOTAL H2O 0.19464E+07 KG;  H2O(2) 0.00000E+00 KG;  INT. ENERGY 0.60812E+12 J

 *********************************************************************************************************************************


   a 1(   2,  2) ST = 0.200000E+05 DT = 0.100000E+05 DX1= 0.238677E+05 DX2= 0.373202E-02 T =  50.010 P =   287818. S = 0.000000E+00

                                                                                 

          OUTPUT DATA AFTER (   2,  2)-2-TIME STEPS                                                    THE TIME IS  0.23148E+00 DAYS

 @@@@@@@@@@@@@@@@@@@@@@@@@@@@@@@@@@@@@@@@@@@@@@@@@@@@@@@@@@@@@@@@@@@@@@@@@@@@@@@@@@@@@@@@@@@@@@@@@@@@@@@@@@@@@@@@@@@@@@@@@@@@@@@@@@@
 
   TOTAL TIME   KCYC   ITER  ITERC    KON    DX1M         DX2M         DX3M                      RERM        NER    KER    DELTEX
  0.20000E+05      2      2      4      2 0.242607E+05 0.416484E-02 0.000000E+00              0.142771E-06     1     2 0.100000E+05

 @@@@@@@@@@@@@@@@@@@@@@@@@@@@@@@@@@@@@@@@@@@@@@@@@@@@@@@@@@@@@@@@@@@@@@@@@@@@@@@@@@@@@@@@@@@@@@@@@@@@@@@@@@@@@@@@@@@@@@@@@@@@@@@@@@@
 
 ELEM.  INDEX     P           T          SG          SW          X1          X2       PCAP                       DG          DW
                 (PA)      (DEG-C)                                                    (PA)                    (KG/M**3)   (KG/M**3)

   a 1     1 0.28782E+06 0.50010E+02 0.00000E+00 0.10000E+01 0.10000E+01 0.00000E+00 0.00000E+00             0.83055E-01 0.98815E+03
   b 1     2 0.31328E+06 0.99989E+02 0.00000E+00 0.10000E+01 0.10000E+01 0.00000E+00 0.00000E+00             0.59751E+00 0.95823E+03

 @@@@@@@@@@@@@@@@@@@@@@@@@@@@@@@@@@@@@@@@@@@@@@@@@@@@@@@@@@@@@@@@@@@@@@@@@@@@@@@@@@@@@@@@@@@@@@@@@@@@@@@@@@@@@@@@@@@@@@@@@@@@@@@@@@@
 

 *********** VOLUME- AND MASS-BALANCES *******************************************************************************************

 ********** [KCYC,ITER] = [   2,  2] *****                        THE TIME IS  0.20000E+05 SECONDS, OR  0.23148E+00 DAYS


 PHASE VOLUMES IN PLACE
 GAS 0.00000E+00 M**3;  AQUEOUS 0.20000E+04 M**3

 MASS IN PLACE
 GAS 0.00000E+00 KG;    AQUEOUS 0.19464E+07 KG;  TOTAL H2O 0.19464E+07 KG;  H2O(2) 0.00000E+00 KG;  INT. ENERGY 0.60812E+12 J

 *********************************************************************************************************************************


   a 1(   3,  2) ST = 0.300000E+05 DT = 0.100000E+05 DX1= 0.856623E+04 DX2= 0.285078E-02 T =  50.013 P =   296384. S = 0.000000E+00

                                                                                 

          OUTPUT DATA AFTER (   3,  2)-2-TIME STEPS                                                    THE TIME IS  0.34722E+00 DAYS

 @@@@@@@@@@@@@@@@@@@@@@@@@@@@@@@@@@@@@@@@@@@@@@@@@@@@@@@@@@@@@@@@@@@@@@@@@@@@@@@@@@@@@@@@@@@@@@@@@@@@@@@@@@@@@@@@@@@@@@@@@@@@@@@@@@@
 
   TOTAL TIME   KCYC   ITER  ITERC    KON    DX1M         DX2M         DX3M                      RERM        NER    KER    DELTEX
  0.30000E+05      3      2      6      2 0.978001E+04 0.315493E-02 0.000000E+00              0.306593E-07     1     2 0.100000E+05

 @@@@@@@@@@@@@@@@@@@@@@@@@@@@@@@@@@@@@@@@@@@@@@@@@@@@@@@@@@@@@@@@@@@@@@@@@@@@@@@@@@@@@@@@@@@@@@@@@@@@@@@@@@@@@@@@@@@@@@@@@@@@@@@@@@@
 
 ELEM.  INDEX     P           T          SG          SW          X1          X2       PCAP                       DG          DW
                 (PA)      (DEG-C)                                                    (PA)                    (KG/M**3)   (KG/M**3)

   a 1     1 0.29638E+06 0.50013E+02 0.00000E+00 0.10000E+01 0.10000E+01 0.00000E+00 0.00000E+00             0.83066E-01 0.98815E+03
   b 1     2 0.30350E+06 0.99986E+02 0.00000E+00 0.10000E+01 0.10000E+01 0.00000E+00 0.00000E+00             0.59745E+00 0.95823E+03

 @@@@@@@@@@@@@@@@@@@@@@@@@@@@@@@@@@@@@@@@@@@@@@@@@@@@@@@@@@@@@@@@@@@@@@@@@@@@@@@@@@@@@@@@@@@@@@@@@@@@@@@@@@@@@@@@@@@@@@@@@@@@@@@@@@@
 

 *********** VOLUME- AND MASS-BALANCES *******************************************************************************************

 ********** [KCYC,ITER] = [   3,  2] *****                        THE TIME IS  0.30000E+05 SECONDS, OR  0.34722E+00 DAYS


 PHASE VOLUMES IN PLACE
 GAS 0.00000E+00 M**3;  AQUEOUS 0.20000E+04 M**3

 MASS IN PLACE
 GAS 0.00000E+00 KG;    AQUEOUS 0.19464E+07 KG;  TOTAL H2O 0.19464E+07 KG;  H2O(2) 0.00000E+00 KG;  INT. ENERGY 0.60812E+12 J

 *********************************************************************************************************************************


   b 1(   4,  2) ST = 0.400000E+05 DT = 0.100000E+05 DX1= -.424820E+04 DX2= -.277259E-02 T =  99.983 P =   299247. S = 0.000000E+00

                                                                                 

          OUTPUT DATA AFTER (   4,  2)-2-TIME STEPS                                                    THE TIME IS  0.46296E+00 DAYS

 @@@@@@@@@@@@@@@@@@@@@@@@@@@@@@@@@@@@@@@@@@@@@@@@@@@@@@@@@@@@@@@@@@@@@@@@@@@@@@@@@@@@@@@@@@@@@@@@@@@@@@@@@@@@@@@@@@@@@@@@@@@@@@@@@@@
 
   TOTAL TIME   KCYC   ITER  ITERC    KON    DX1M         DX2M         DX3M                      RERM        NER    KER    DELTEX
  0.40000E+05      4      2      8      2 0.424820E+04 0.277259E-02 0.000000E+00              0.271296E-07     2     2 0.100000E+05

 @@@@@@@@@@@@@@@@@@@@@@@@@@@@@@@@@@@@@@@@@@@@@@@@@@@@@@@@@@@@@@@@@@@@@@@@@@@@@@@@@@@@@@@@@@@@@@@@@@@@@@@@@@@@@@@@@@@@@@@@@@@@@@@@@@@
 
 ELEM.  INDEX     P           T          SG          SW          X1          X2       PCAP                       DG          DW
                 (PA)      (DEG-C)                                                    (PA)                    (KG/M**3)   (KG/M**3)

   a 1     1 0.29912E+06 0.50015E+02 0.00000E+00 0.10000E+01 0.10000E+01 0.00000E+00 0.00000E+00             0.83076E-01 0.98815E+03
   b 1     2 0.29925E+06 0.99983E+02 0.00000E+00 0.10000E+01 0.10000E+01 0.00000E+00 0.00000E+00             0.59739E+00 0.95823E+03

 @@@@@@@@@@@@@@@@@@@@@@@@@@@@@@@@@@@@@@@@@@@@@@@@@@@@@@@@@@@@@@@@@@@@@@@@@@@@@@@@@@@@@@@@@@@@@@@@@@@@@@@@@@@@@@@@@@@@@@@@@@@@@@@@@@@
 

 *********** VOLUME- AND MASS-BALANCES *******************************************************************************************

 ********** [KCYC,ITER] = [   4,  2] *****                        THE TIME IS  0.40000E+05 SECONDS, OR  0.46296E+00 DAYS


 PHASE VOLUMES IN PLACE
 GAS 0.00000E+00 M**3;  AQUEOUS 0.20000E+04 M**3

 MASS IN PLACE
 GAS 0.00000E+00 KG;    AQUEOUS 0.19464E+07 KG;  TOTAL H2O 0.19464E+07 KG;  H2O(2) 0.00000E+00 KG;  INT. ENERGY 0.60812E+12 J

 *********************************************************************************************************************************


   a 1(   5,  2) ST = 0.500000E+05 DT = 0.100000E+05 DX1= 0.520676E+03 DX2= 0.239269E-02 T =  50.018 P =   299637. S = 0.000000E+00

                                                                                 

          OUTPUT DATA AFTER (   5,  2)-2-TIME STEPS                                                    THE TIME IS  0.57870E+00 DAYS

 @@@@@@@@@@@@@@@@@@@@@@@@@@@@@@@@@@@@@@@@@@@@@@@@@@@@@@@@@@@@@@@@@@@@@@@@@@@@@@@@@@@@@@@@@@@@@@@@@@@@@@@@@@@@@@@@@@@@@@@@@@@@@@@@@@@
 
   TOTAL TIME   KCYC   ITER  ITERC    KON    DX1M         DX2M         DX3M                      RERM        NER    KER    DELTEX
  0.50000E+05      5      2     10      2 0.212627E+04 0.261992E-02 0.000000E+00              0.131405E-05     1     2 0.100000E+05

 @@@@@@@@@@@@@@@@@@@@@@@@@@@@@@@@@@@@@@@@@@@@@@@@@@@@@@@@@@@@@@@@@@@@@@@@@@@@@@@@@@@@@@@@@@@@@@@@@@@@@@@@@@@@@@@@@@@@@@@@@@@@@@@@@@@
 
 ELEM.  INDEX     P           T          SG          SW          X1          X2       PCAP                       DG          DW
                 (PA)      (DEG-C)                                                    (PA)                    (KG/M**3)   (KG/M**3)

   a 1     1 0.29964E+06 0.50018E+02 0.00000E+00 0.10000E+01 0.10000E+01 0.00000E+00 0.00000E+00             0.83085E-01 0.98815E+03
   b 1     2 0.29712E+06 0.99980E+02 0.00000E+00 0.10000E+01 0.10000E+01 0.00000E+00 0.00000E+00             0.59734E+00 0.95823E+03

 @@@@@@@@@@@@@@@@@@@@@@@@@@@@@@@@@@@@@@@@@@@@@@@@@@@@@@@@@@@@@@@@@@@@@@@@@@@@@@@@@@@@@@@@@@@@@@@@@@@@@@@@@@@@@@@@@@@@@@@@@@@@@@@@@@@
 

 *********** VOLUME- AND MASS-BALANCES *******************************************************************************************

 ********** [KCYC,ITER] = [   5,  2] *****                        THE TIME IS  0.50000E+05 SECONDS, OR  0.57870E+00 DAYS


 PHASE VOLUMES IN PLACE
 GAS 0.00000E+00 M**3;  AQUEOUS 0.20000E+04 M**3

 MASS IN PLACE
 GAS 0.00000E+00 KG;    AQUEOUS 0.19464E+07 KG;  TOTAL H2O 0.19464E+07 KG;  H2O(2) 0.00000E+00 KG;  INT. ENERGY 0.60812E+12 J

 *********************************************************************************************************************************


   a 1(   6,  2) ST = 0.600000E+05 DT = 0.100000E+05 DX1= 0.442722E+03 DX2= 0.243391E-02 T =  50.020 P =   300080. S = 0.000000E+00

                                                                                 

          OUTPUT DATA AFTER (   6,  2)-2-TIME STEPS                                                    THE TIME IS  0.69444E+00 DAYS

 @@@@@@@@@@@@@@@@@@@@@@@@@@@@@@@@@@@@@@@@@@@@@@@@@@@@@@@@@@@@@@@@@@@@@@@@@@@@@@@@@@@@@@@@@@@@@@@@@@@@@@@@@@@@@@@@@@@@@@@@@@@@@@@@@@@
 
   TOTAL TIME   KCYC   ITER  ITERC    KON    DX1M         DX2M         DX3M                      RERM        NER    KER    DELTEX
  0.60000E+05      6      2     12      2 0.209230E+04 0.266699E-02 0.000000E+00              0.164288E-07     1     2 0.100000E+05

 @@@@@@@@@@@@@@@@@@@@@@@@@@@@@@@@@@@@@@@@@@@@@@@@@@@@@@@@@@@@@@@@@@@@@@@@@@@@@@@@@@@@@@@@@@@@@@@@@@@@@@@@@@@@@@@@@@@@@@@@@@@@@@@@@@@
 
 ELEM.  INDEX     P           T          SG          SW          X1          X2       PCAP                       DG          DW
                 (PA)      (DEG-C)                                                    (PA)                    (KG/M**3)   (KG/M**3)

   a 1     1 0.30008E+06 0.50020E+02 0.00000E+00 0.10000E+01 0.10000E+01 0.00000E+00 0.00000E+00             0.83094E-01 0.98815E+03
   b 1     2 0.29503E+06 0.99978E+02 0.00000E+00 0.10000E+01 0.10000E+01 0.00000E+00 0.00000E+00             0.59729E+00 0.95823E+03

 @@@@@@@@@@@@@@@@@@@@@@@@@@@@@@@@@@@@@@@@@@@@@@@@@@@@@@@@@@@@@@@@@@@@@@@@@@@@@@@@@@@@@@@@@@@@@@@@@@@@@@@@@@@@@@@@@@@@@@@@@@@@@@@@@@@
 

 *********** VOLUME- AND MASS-BALANCES *******************************************************************************************

 ********** [KCYC,ITER] = [   6,  2] *****                        THE TIME IS  0.60000E+05 SECONDS, OR  0.69444E+00 DAYS


 PHASE VOLUMES IN PLACE
 GAS 0.00000E+00 M**3;  AQUEOUS 0.20000E+04 M**3

 MASS IN PLACE
 GAS 0.00000E+00 KG;    AQUEOUS 0.19464E+07 KG;  TOTAL H2O 0.19464E+07 KG;  H2O(2) 0.00000E+00 KG;  INT. ENERGY 0.60812E+12 J

 *********************************************************************************************************************************


   a 1(   7,  2) ST = 0.700000E+05 DT = 0.100000E+05 DX1= -.149972E+03 DX2= 0.241451E-02 T =  50.022 P =   299930. S = 0.000000E+00

                                                                                 

          OUTPUT DATA AFTER (   7,  2)-2-TIME STEPS                                                    THE TIME IS  0.81019E+00 DAYS

 @@@@@@@@@@@@@@@@@@@@@@@@@@@@@@@@@@@@@@@@@@@@@@@@@@@@@@@@@@@@@@@@@@@@@@@@@@@@@@@@@@@@@@@@@@@@@@@@@@@@@@@@@@@@@@@@@@@@@@@@@@@@@@@@@@@
 
   TOTAL TIME   KCYC   ITER  ITERC    KON    DX1M         DX2M         DX3M                      RERM        NER    KER    DELTEX
  0.70000E+05      7      2     14      2 0.153447E+04 0.264271E-02 0.000000E+00              0.291408E-07     1     2 0.100000E+05

 @@@@@@@@@@@@@@@@@@@@@@@@@@@@@@@@@@@@@@@@@@@@@@@@@@@@@@@@@@@@@@@@@@@@@@@@@@@@@@@@@@@@@@@@@@@@@@@@@@@@@@@@@@@@@@@@@@@@@@@@@@@@@@@@@@@
 
 ELEM.  INDEX     P           T          SG          SW          X1          X2       PCAP                       DG          DW
                 (PA)      (DEG-C)                                                    (PA)                    (KG/M**3)   (KG/M**3)

   a 1     1 0.29993E+06 0.50022E+02 0.00000E+00 0.10000E+01 0.10000E+01 0.00000E+00 0.00000E+00             0.83104E-01 0.98815E+03
   b 1     2 0.29349E+06 0.99975E+02 0.00000E+00 0.10000E+01 0.10000E+01 0.00000E+00 0.00000E+00             0.59723E+00 0.95823E+03

 @@@@@@@@@@@@@@@@@@@@@@@@@@@@@@@@@@@@@@@@@@@@@@@@@@@@@@@@@@@@@@@@@@@@@@@@@@@@@@@@@@@@@@@@@@@@@@@@@@@@@@@@@@@@@@@@@@@@@@@@@@@@@@@@@@@
 

 *********** VOLUME- AND MASS-BALANCES *******************************************************************************************

 ********** [KCYC,ITER] = [   7,  2] *****                        THE TIME IS  0.70000E+05 SECONDS, OR  0.81019E+00 DAYS


 PHASE VOLUMES IN PLACE
 GAS 0.00000E+00 M**3;  AQUEOUS 0.20000E+04 M**3

 MASS IN PLACE
 GAS 0.00000E+00 KG;    AQUEOUS 0.19464E+07 KG;  TOTAL H2O 0.19464E+07 KG;  H2O(2) 0.00000E+00 KG;  INT. ENERGY 0.60812E+12 J

 *********************************************************************************************************************************


   b 1(   8,  2) ST = 0.800000E+05 DT = 0.100000E+05 DX1= -.123009E+04 DX2= -.262811E-02 T =  99.973 P =   292264. S = 0.000000E+00

                                                                                 

          OUTPUT DATA AFTER (   8,  2)-2-TIME STEPS                                                    THE TIME IS  0.92593E+00 DAYS

 @@@@@@@@@@@@@@@@@@@@@@@@@@@@@@@@@@@@@@@@@@@@@@@@@@@@@@@@@@@@@@@@@@@@@@@@@@@@@@@@@@@@@@@@@@@@@@@@@@@@@@@@@@@@@@@@@@@@@@@@@@@@@@@@@@@
 
   TOTAL TIME   KCYC   ITER  ITERC    KON    DX1M         DX2M         DX3M                      RERM        NER    KER    DELTEX
  0.80000E+05      8      2     16      2 0.123009E+04 0.262811E-02 0.000000E+00              0.158920E-07     2     2 0.100000E+05

 @@@@@@@@@@@@@@@@@@@@@@@@@@@@@@@@@@@@@@@@@@@@@@@@@@@@@@@@@@@@@@@@@@@@@@@@@@@@@@@@@@@@@@@@@@@@@@@@@@@@@@@@@@@@@@@@@@@@@@@@@@@@@@@@@@@
 
 ELEM.  INDEX     P           T          SG          SW          X1          X2       PCAP                       DG          DW
                 (PA)      (DEG-C)                                                    (PA)                    (KG/M**3)   (KG/M**3)

   a 1     1 0.29946E+06 0.50025E+02 0.00000E+00 0.10000E+01 0.10000E+01 0.00000E+00 0.00000E+00             0.83113E-01 0.98815E+03
   b 1     2 0.29226E+06 0.99973E+02 0.00000E+00 0.10000E+01 0.10000E+01 0.00000E+00 0.00000E+00             0.59718E+00 0.95823E+03

 @@@@@@@@@@@@@@@@@@@@@@@@@@@@@@@@@@@@@@@@@@@@@@@@@@@@@@@@@@@@@@@@@@@@@@@@@@@@@@@@@@@@@@@@@@@@@@@@@@@@@@@@@@@@@@@@@@@@@@@@@@@@@@@@@@@
 

 *********** VOLUME- AND MASS-BALANCES *******************************************************************************************

 ********** [KCYC,ITER] = [   8,  2] *****                        THE TIME IS  0.80000E+05 SECONDS, OR  0.92593E+00 DAYS


 PHASE VOLUMES IN PLACE
 GAS 0.00000E+00 M**3;  AQUEOUS 0.20000E+04 M**3

 MASS IN PLACE
 GAS 0.00000E+00 KG;    AQUEOUS 0.19464E+07 KG;  TOTAL H2O 0.19464E+07 KG;  H2O(2) 0.00000E+00 KG;  INT. ENERGY 0.60812E+12 J

 *********************************************************************************************************************************


   b 1(   9,  2) ST = 0.900000E+05 DT = 0.100000E+05 DX1= -.105554E+04 DX2= -.261660E-02 T =  99.970 P =   291209. S = 0.000000E+00

                                                                                 

          OUTPUT DATA AFTER (   9,  2)-2-TIME STEPS                                                    THE TIME IS  0.10417E+01 DAYS

 @@@@@@@@@@@@@@@@@@@@@@@@@@@@@@@@@@@@@@@@@@@@@@@@@@@@@@@@@@@@@@@@@@@@@@@@@@@@@@@@@@@@@@@@@@@@@@@@@@@@@@@@@@@@@@@@@@@@@@@@@@@@@@@@@@@
 
   TOTAL TIME   KCYC   ITER  ITERC    KON    DX1M         DX2M         DX3M                      RERM        NER    KER    DELTEX
  0.90000E+05      9      2     18      2 0.105554E+04 0.261660E-02 0.000000E+00              0.158340E-07     2     2 0.100000E+05

 @@@@@@@@@@@@@@@@@@@@@@@@@@@@@@@@@@@@@@@@@@@@@@@@@@@@@@@@@@@@@@@@@@@@@@@@@@@@@@@@@@@@@@@@@@@@@@@@@@@@@@@@@@@@@@@@@@@@@@@@@@@@@@@@@@@
 
 ELEM.  INDEX     P           T          SG          SW          X1          X2       PCAP                       DG          DW
                 (PA)      (DEG-C)                                                    (PA)                    (KG/M**3)   (KG/M**3)

   a 1     1 0.29881E+06 0.50027E+02 0.00000E+00 0.10000E+01 0.10000E+01 0.00000E+00 0.00000E+00             0.83122E-01 0.98814E+03
   b 1     2 0.29121E+06 0.99970E+02 0.00000E+00 0.10000E+01 0.10000E+01 0.00000E+00 0.00000E+00             0.59713E+00 0.95824E+03

 @@@@@@@@@@@@@@@@@@@@@@@@@@@@@@@@@@@@@@@@@@@@@@@@@@@@@@@@@@@@@@@@@@@@@@@@@@@@@@@@@@@@@@@@@@@@@@@@@@@@@@@@@@@@@@@@@@@@@@@@@@@@@@@@@@@
 

 *********** VOLUME- AND MASS-BALANCES *******************************************************************************************

 ********** [KCYC,ITER] = [   9,  2] *****                        THE TIME IS  0.90000E+05 SECONDS, OR  0.10417E+01 DAYS


 PHASE VOLUMES IN PLACE
 GAS 0.00000E+00 M**3;  AQUEOUS 0.20000E+04 M**3

 MASS IN PLACE
 GAS 0.00000E+00 KG;    AQUEOUS 0.19464E+07 KG;  TOTAL H2O 0.19464E+07 KG;  H2O(2) 0.00000E+00 KG;  INT. ENERGY 0.60812E+12 J

 *********************************************************************************************************************************


   b 1(  10,  2) ST = 0.100000E+06 DT = 0.100000E+05 DX1= -.967299E+03 DX2= -.261320E-02 T =  99.967 P =   290242. S = 0.000000E+00

                                                                                 

          OUTPUT DATA AFTER (  10,  2)-2-TIME STEPS                                                    THE TIME IS  0.11574E+01 DAYS

 @@@@@@@@@@@@@@@@@@@@@@@@@@@@@@@@@@@@@@@@@@@@@@@@@@@@@@@@@@@@@@@@@@@@@@@@@@@@@@@@@@@@@@@@@@@@@@@@@@@@@@@@@@@@@@@@@@@@@@@@@@@@@@@@@@@
 
   TOTAL TIME   KCYC   ITER  ITERC    KON    DX1M         DX2M         DX3M                      RERM        NER    KER    DELTEX
  0.10000E+06     10      2     20      2 0.967299E+03 0.261320E-02 0.000000E+00              0.642301E-08     2     2 0.100000E+05

 @@@@@@@@@@@@@@@@@@@@@@@@@@@@@@@@@@@@@@@@@@@@@@@@@@@@@@@@@@@@@@@@@@@@@@@@@@@@@@@@@@@@@@@@@@@@@@@@@@@@@@@@@@@@@@@@@@@@@@@@@@@@@@@@@@@
 
 ELEM.  INDEX     P           T          SG          SW          X1          X2       PCAP                       DG          DW
                 (PA)      (DEG-C)                                                    (PA)                    (KG/M**3)   (KG/M**3)

   a 1     1 0.29806E+06 0.50030E+02 0.00000E+00 0.10000E+01 0.10000E+01 0.00000E+00 0.00000E+00             0.83132E-01 0.98814E+03
   b 1     2 0.29024E+06 0.99967E+02 0.00000E+00 0.10000E+01 0.10000E+01 0.00000E+00 0.00000E+00             0.59708E+00 0.95824E+03

 @@@@@@@@@@@@@@@@@@@@@@@@@@@@@@@@@@@@@@@@@@@@@@@@@@@@@@@@@@@@@@@@@@@@@@@@@@@@@@@@@@@@@@@@@@@@@@@@@@@@@@@@@@@@@@@@@@@@@@@@@@@@@@@@@@@
 

 *********** VOLUME- AND MASS-BALANCES *******************************************************************************************

 ********** [KCYC,ITER] = [  10,  2] *****                        THE TIME IS  0.10000E+06 SECONDS, OR  0.11574E+01 DAYS


 PHASE VOLUMES IN PLACE
 GAS 0.00000E+00 M**3;  AQUEOUS 0.20000E+04 M**3

 MASS IN PLACE
 GAS 0.00000E+00 KG;    AQUEOUS 0.19464E+07 KG;  TOTAL H2O 0.19464E+07 KG;  H2O(2) 0.00000E+00 KG;  INT. ENERGY 0.60812E+12 J

 *********************************************************************************************************************************



 WRITE FILE *SAVE* AFTER   10 TIME STEPS  ---  THE TIME IS 0.100000E+06 SECONDS


 ***********************************************************************************************************************************
 *                                                                                                                                 *
 *                                                 SUMMARY OF PROGRAM UNITS USED                                                   *
 *                                                                                                                                 *
 ***********************************************************************************************************************************

       UNIT    VERSION     DATE                 COMMENTS
 ___________________________________________________________________________________________________________________________________

      IO       1.0      15 APRIL     1991      OPEN FILES *VERS*, *MESH*, *INCON*, *GENER*, *SAVE*, *LINEQ*, AND *TABLE*          
                                                                                                                                  
      TOUGH2   2.00      8 June      1999      MAIN PROGRAM                                                                       
                                               special version for conjugate gradient package T2CG2                               
                                               includes definition of coordinate arrays and radiative heat transfer capability    
                                                                                                                                  
      INPUT    1.50     20 May       1999      READ ALL DATA PROVIDED THROUGH FILE *INPUT*                                        
      FLOP     1.0      11 APRIL     1991      CALCULATE NUMBER OF SIGNIFICANT DIGITS FOR FLOATING POINT ARITHMETIC               
                                                                                                                                  
      RFILE    1.5      18 June      1999      INITIALIZE DATA FROM FILES *MESH* OR *MINC*, *GENER*, AND *INCON*                  
                                               also initializes permeability modifiers and coordinate arrays                      
                                               and optionally reads tables with flowing wellbore pressures                        
      PMIN     1.0      26 September 1997      initialize block-by-block permeability modifiers                                   
      SIN      1.00      1 October   1999      initialize parameters for the solver package, and generate informative printout    
                                                                                                                                  
      CYCIT    1.01     28 May       1998      EXECUTIVE ROUTINE FOR MARCHING IN TIME                                             
                                                                                                                                  
      EOS      1.0      23 August    1999      *EOS1* ... THERMOPHYSICAL PROPERTIES MODULE FOR WATER                              
      SAT      1.0 S    17 SEPTEMBER 1990      STEAM TABLE EQUATION: SATURATION PRESSURE AS FUNCTION OF TEMPERATURE (M. OS.)      
      VISW     1.0      22 JANUARY   1990      VISCOSITY OF LIQUID WATER AS FUNCTION OF TEMPERATURE AND PRESSURE                  
      COWAT    1.0 S    17 SEPTEMBER 1990      LIQUID WATER DENSITY AND INT. ENERGY VERSUS TEMPERATURE AND PRESSURE (M. OS.)      
      SUPST    1.0 S     1 February  1991      VAPOR DENSITY AND INTERNAL ENERGY AS FUNCTION OF TEMPERATURE AND PRESSURE (M. OS.) 
      PCAP     1.0       9 November  1999      CAPILLARY PRESSURE AS FUNCTION OF SATURATION                                       
                                                                                                                                  
      BALLA    1.0      22 JANUARY   1990      PERFORM SUMMARY BALANCES FOR VOLUME, MASS, AND ENERGY                              
      TSTEP    1.0       4 MARCH     1991      ADJUST TIME STEPS TO COINCIDE WITH USER-DEFINED TARGET TIMES                       
                                                                                                                                  
      MULTI    1.1       8 October   1999      ASSEMBLE ALL ACCUMULATION AND FLOW TERMS                                           
                                               includes capabilities for radiative heat transfer and diffusion in all phases      
                                                  with local equilibrium phase partitioning between gas and liquid                
                                               allows block-by-block permeability modification                                    
      LINEQ    2.00      4 October   1999      Interface for linear equation solvers T2CG2                                        
                                               Can call a direct solver or a package of conjugate gradient solvers                
                                                                                                                                  
      CONVER   1.0       4 MARCH     1991      UPDATE PRIMARY VARIABLES AFTER CONVERGENCE IS ACHIEVED                             
                                                                                                                                  
      OUT      1.01      2 September 1999      PRINT RESULTS FOR ELEMENTS, CONNECTIONS, AND SINKS/SOURCES                         
      WRIFI    1.0      22 JANUARY   1990      AT THE COMPLETION OF A TOUGH2 RUN, WRITE PRIMARY VARIABLES ON FILE *SAVE*          


 ***********************************************************************************************************************************


 END OF TOUGH2 SIMULATION RUN --- ELAPSED TIME =     0.000 SEC-- CALCULATION TIME =     0.000 SEC-- DATA INPUT TIME =    0.000 SEC

Execution time: 1 seconds
