







                    CCC   Y     Y   CCC    L       EEEEE       TTTTT   EEEEE   M     M   PPPP     OOOO
                   C   C   Y   Y   C   C   L       E             T     E       MM   MM   P   P   O    O
                   C        Y Y    C       L       E             T     E       M M M M   P   P   O    O
                   C         Y     C       L       EEEEE   ===   T     EEEEE   M  M  M   PPPP    O    O
                   C         Y     C       L       E             T     E       M     M   P       O    O
                   C   C     Y     C   C   L       E             T     E       M     M   P       O    O
                    CCC      Y      CCC    LLLLL   EEEEE         T     EEEEE   M     M   P        OOOO






                   Cycle-Tempo :  Thermodynamic Energysystems, Massflow calculation for POwerprocesses 





                   Asimptote BV                             

                   De Schans 23                             

                   5473 PH Heeswijk-Dinther, The Netherlands


                   E-mail address: info@asimptote.com       



                   Cycle-Tempo Release 5.1.6                

                   Calculation Kernel Build 1806181         



                   Problem name        :  c:\users\duggalrohi\onedrive - victoria university of wellington - student\wai_sim\process_model\r11_dupoi
t

                   Problem description :  Description


                   System time         :  11:44:43

                   System date         :  10/03/2022

	
CONFIGURATION OF THE INSTALLATION
================================= 


NUMBER OF APPARATUS               NAPP =  10
NUMBER OF PIPES (LINKS)           NLIN =  10
NUMBER OF THERMAL CYCLES        NCYCLE =   3
TOTAL NUMBER OF TURBINES         NTURB =   1
NUMBER OF TURBINE DRIVEN PUMPS    NTDP =   0
NUMBER OF ABSORTION CYCLES      NABSOR =   0
NUMBER OF GENERATORS            NUMGEN =   1
NUMBER OF PRODUCTION FUNCTIONS  NPRODF =   1
LOAD CONDITION CODE             NDLOAD =   0    =0: DESIGN LOAD RUN
                                               >0: PART LOAD RUN, NDLOAD=NUMBER OF PARTLOAD CONDITIONS (&PARTLD)
DESIGN LOAD FACTOR              DFACTR =1.000000
OUTPUT CONTROL CODE             NPRINT =   4
     0=EXTENSIVE OUTPUT
     1=ALSO PUNCH PARTLOAD DATA
     2=COMPREHENSIVE OUTPUT
     3=MORE COMPREHENSIVE OUTPUT
     4=SHORTENED OUTPUT
ADDITIONAL OUTPUT CONTROL CODE    NXXX =   0
NUMBER OF TRACED APPARATUS      NTRACE =  10

MIN. NUMBER OF MAIN ITERATIONS  MINITM =   0
MAX. NUMBER OF MAIN ITERATIONS  MAXITM =  25
ADD. NUMBER OF MAIN ITERATIONS  MORITM =   0
UNDERRELAXATION INHIBITED AFTER  MAXUR =  25 STEPS
ACCURACY FOR ITERATION             EPS =0.000100
ELECTRICAL FREQUENCY              FREQ = 50.0 HZ

STORAGE USED FOR GENERAL COMMON AREA   =  10730 WORDS OF 4 BYTES


State functions for water/steam calculations:
  IAPWS Industrial Formulation 1997 (IAPWS-IF97)

	

NUMBER OF EQUATIONS
====================

NUMBER OF PRIMARY MASS EQUATIONS    =  7 NUMBER OF APPARATUS 10 MINUS SINKS WITHOUT MASS EQUATION  3

NUMBER OF SECONDARY MASS EQUATIONS  =  2 NUMBER OF TWO MEDIA APPARATUS TYPES 4,5,6,12,20,21,22,23

NUMBER OF PRESCRIBED MASS EQUATIONS  =  0 NUMBER OF TYPES 14,21,25,26,28 AND FOR CERTAIN CONDITIONS: 13,20,22,23

NUMBER OF AUTOMATIC ENERGY EQUATIONS =  1 NUMBER OF TYPES 5,7,11,15 AND IF EEQCOD EQUALS 1: 4,20,21,22,23

NUMBER OF EXPLICIT ENERGY EQUATIONS  =  1 NUMBER OF PRODUCTION FUNCTIONS

MINUS THE NUMBER OF CLOSED CYCLES    =  1 (NUMBER OF OPEN CYCLES =  2)

PLUS THE NUMBER OF ABSORPTION CYCLES =  0

                       MAKES TOGETHER  10 AND NLIN =  10
                       ---------------------------------

	

Cycle-Tempo iteration   0:
--------------------------

Cycle-Tempo iteration   1:
--------------------------
	
Main iteration convergence data 
=============================== 

--------------------------------------------------------------------
|     |                         Massflows                          |
|Iter.|------------------------------------------------------------|
| no. | num. pipes   maximum     pipe max.   maximum     pipe max. |
|     | no conver.   abs. dev.   abs. dev.   rel. dev.   rel. dev. |
|-----|------------------------------------------------------------|
|   1 |      0      0.128E-12         2     0.184E-14         2    |
--------------------------------------------------------------------

Convergence reached in   1 iterations.
--------------------------------------
  Absolute deviation massflow:
    Criterion absolute deviation:     < 0.100E-11
    Max absolute deviation in pipe   2: 0.128E-12
    Relative deviation in this pipe:    0.184E-14
  Relative deviation massflow:
    Criterion relative deviation:     < 0.100E-03
    Max relative deviation in pipe   2: 0.184E-14
    Absolute deviation in this pipe:    0.128E-12

	
     SYSTEM EFFICIENCIES, POWER INPUT AND OUTPUT
     ===========================================

     -----------------------------------------------------------------------
     |             ||  NO  APPARATUS     TYPE |   ENERGY        TOTALS     |
     |             ||                         |    [kW]          [kW]      |
     |=====================================================================|
     |---------------------------------------------------------------------|
     | DELIVERED   ||   1  GENERATOR          |       500.00               | 
     | GROSS POWER ||                         |                     500.00 | 
     |---------------------------------------------------------------------|
     | AUX.POWER   ||   3  Pump            8  |         9.18               | 
     | CONSUMPTION ||   8  Pump            8  |         5.24               | 
     |             ||   9  Pump            8  |         3.63               | 
     |             ||                         |                      18.05 | 
     |---------------------------------------------------------------------|
     | DELIVERED   ||                         |                            | 
     | NET POWER   ||                         |                     481.95 | 
     |---------------------------------------------------------------------|
     | DELIVERED   ||   7  Heat Sink      10  |      2685.47               | 
     | HEAT        ||  11  Heat Sink      10  |      1302.22               | 
     |             ||                         |                    3987.69 | 
     |---------------------------------------------------------------------|
     | TOTAL       ||                         |                            | 
     | DELIVERED   ||                         |                    4469.64 | 
     -----------------------------------------------------------------------
	
ENERGY BALANCE OF THE SYSTEM
============================


DEFINITION OF TOTAL ENERGY
Def. 1: Enthalpy minus enthalpy by environmental
        conditions (water as LIQUID) plus HIGHER heating value
Def. 2: Enthalpy minus enthalpy by environmental
        conditions (water as VAPOUR) plus LOWER heating value


                                         POWER / HEAT TRANSMITTED FROM APPARATUS

   NO    APPARATUS    TYPE      BASED ON ENTHALPY      BASED ON TOTAL ENERGY FLOWS [MW]
                                FLOWS [MW]             DEFINITION 1          DEFINITION 2

    1    Turbine        3             0.500                 0.500                 0.500
    2    Condenser      4            -0.000                -0.000                -0.000
    4    Heat Exchgr.   6            -1.188                -1.188                -1.188
    3    Pump           8            -0.007                -0.007                -0.007
    8    Pump           8            -0.004                -0.004                -0.004
    9    Pump           8            -0.003                -0.003                -0.003
    6    Sink/Source   10            -1.352                 2.016                80.381
    7    Heat Sink     10             6.053                 2.685               -75.679
   10    Sink/Source   10            -6.351                -5.301                19.116
   11    Heat Sink     10             2.352                 1.302               -23.115

   10    PIPE                         0.000                 0.000                 0.000
                               -------------- +      -------------- +      -------------- +
      TOTAL TRANSMITTED :            -0.000                 0.000                 0.000
	

DATA FOR ALL PIPES; SUBSEQUENTLY INLET AND OUTLET
=================================================


PIPE  MEDIUM     |     MASS-FLOW  MOLE-FLOW  VOL-FLOW  |  PRESSURE   TEMPERATURE  ENTHALPY   ENTROPY   QUALITY  
  NO  TYPE       |      [kg/s]    [kmol/s]    [m3/s]   |   [bar]        [°C]      [kJ/kg]   [kJ/kgK]  [%-VAPOUR]


   1  WATERSTM   |       10.000     0.55509    0.01087 |    50.000      150.00     635.06    1.8369       0.00
                 |                             0.01087 |    50.000      150.00     635.06    1.8369       0.00
   2  R11        |       69.568     0.50642     2.1728 |    2.3465       50.00     110.94    0.4777      39.68
                 |                              2.1728 |    2.3465       50.00     110.94    0.4777      39.68
   3  R11        |       69.568     0.50642    0.04918 |    2.3465       50.00      43.42    0.2687       0.00
                 |                             0.04918 |    2.3465       50.00      43.42    0.2687       0.00

   4  WATERSTM   |       10.000     0.55509    0.01087 |    52.000      150.03     635.33    1.8371       0.00
                 |                             0.01087 |    52.000      150.03     635.33    1.8371       0.00
   5  WATERSTM   |       32.094      1.7815    0.03210 |    1.0000       10.00      42.12    0.1511       0.00
                 |                             0.03210 |    1.0000       10.00      42.12    0.1511       0.00
   6  WATERSTM   |       32.094      1.7815    0.03210 |    2.0000       10.01      42.24    0.1512       0.00
                 |                             0.03210 |    2.0000       10.01      42.24    0.1512       0.00

   7  WATERSTM   |       32.094      1.7815    0.03241 |    2.0000       45.00     188.60    0.6385       0.00
                 |                             0.03241 |    2.0000       45.00     188.60    0.6385       0.00
   8  WATERSTM   |       10.000     0.55509    0.01012 |    52.000       55.12     235.15    0.7669       0.00
                 |                             0.01012 |    52.000       55.12     235.15    0.7669       0.00
   9  R11        |       69.568     0.50642    0.04919 |    30.000       50.12      43.52    0.2691       0.00
                 |                             0.04919 |    30.000       50.12      43.52    0.2691       0.00

  10  R11        |       69.568     0.50642    0.05916 |    30.000      130.00     118.12    0.4721       0.00
                 |                             0.05916 |    30.000      130.00     118.12    0.4721       0.00
	

LOSSES IN PIPES
===============

    PIPE      TOTAL PRESSURE   TEMPERATURE     ENTHALPY       ENTROPY     
     NO            DROP         DECREASE       DECREASE       INCREASE    
                   [bar]          [°C]          [kJ/kg]       [kJ/kg.K]   

      10           0.00          -0.00           0.00         0.0000

                                              -------- +

TOTAL LOSSES IN PIPES:                           0.00 [kJ/s]
	
ROTATING EQUIPMENT 
================== 

  NO    APPARATUS    TYPE     ISENTROPIC        MECHANICAL          EXHAUST
                              EFF. [%]          EFF. [%]            LOSSES [kJ/kg]

   1    Turbine        3      80.00  input      100.00  default
   3    Pump           8      80.00  input      100.00  fixed  
   8    Pump           8      80.00  input      100.00  fixed  
   9    Pump           8      80.00  input      100.00  fixed  


MOTORS AND GENERATORS 
===================== 

  NO    APPARATUS    TYPE     MECHANICAL        ELECTRICAL        BOTH
                              EFF. [%]          EFF. [%]           [%]

   1    GENERATOR                                               100.00  input  
   3    Pump           8                                         80.76  calc.  
   8    Pump           8                                         76.52  calc.  
   9    Pump           8                                         74.90  calc.  


HEAT EXCHANGING EQUIPMENT
=========================

                               HEAT TRANSMITTED    HIGH TERMINAL     LOW TERMINAL        FLOW-
  NO    APPARATUS    TYPE        IN APPARATUS     TEMP DIFFERENCE   TEMP DIFFERENCE    DIRECTION
                                    [kJ/s]             [°C]              [°C]

   2    Condenser      4           4697.37              5.00             40.00          Counter 
   4    Heat Exchgr.   6           5189.96             20.03              5.00          Counter 
	


==========================================
=                                        =
=     APPARATUSES IN OFF-DESIGN MODE     =
=                                        =
==========================================

NO TURBINES, COMPRESSORS OR HEAT EXCHANGERS PRESENT IN OFF-DESIGN MODE
======================================================================


======================================
=                                    =
=     APPARATUSES IN DESIGN MODE     =
=                                    =
======================================


DESIGN DATA FOR TURBINES
========================


TURBINE NR.   1
===============

NUMBER OF CONNECTED PIPES =  2
INLET VOLUME-FLOW =   0.0592 m3/s

PIPE         PRESSURE           SPEC.VOLUME              TURBINE MASSFLOW
 NR             [bar]              [m3/kg]                  [kg/s]

   2           2.3465               0.03123                69.5675  OUTLET
  10          30.0000               0.00085                69.5675  INLET
  

DESIGN DATA FOR HEAT EXCHANGERS
===============================

NUMBER OF     TERMINAL TEMP. DIFFERENCE     FACTOR       MASS FLOW
APPARATUS        HIGH           LOW           U*A           RATE

    2            5.00           40.00       279.105       32.0943    
    4           20.03            5.00       479.151       69.5675    
