  Calculating generator data .....
  Eliminating mass equation .....
  Set mediumtype in all pipes .....

 Cycle-Tempo iteration   0:
 --------------------------
   Calculating mass fractions .....
   Calculating thermodynamic properties .....
     Calculating mass flows from system equations....

 Cycle-Tempo iteration   1:
 --------------------------
   Calculating mass fractions .....
   Calculating thermodynamic properties .....
     Calculating mass flows from system equations....
   Checking convergence....
     No massflow convergence in   0 pipes
     Max relative deviation : 0.125E-13, pipe =  5
     Max absolute deviation : 0.711E-12, pipe =  5

 Convergence reached in   1 iterations.
 --------------------------------------
   Absolute deviation massflow:
     Criterion absolute deviation:     < 0.100E-11
     Max absolute deviation in pipe   5: 0.711E-12
     Relative deviation in this pipe:    0.125E-13
   Relative deviation massflow:
     Criterion relative deviation:     < 0.100E-03
     Max relative deviation in pipe   5: 0.125E-13
     Absolute deviation in this pipe:    0.711E-12

  Last calculation of mass fractions .....
  Last calculation of thermodynamic properties .....
  Calculating heating values .....
  Calculating output for heat exchangers .....
  Calculating isentropic efficiencies .....
  Calculating transmitted heat .....
  Calculating system efficiency .....
 =======
 Warning: crossing temperature profiles at about  60 °C for heat exchanger   4
 =======

 
 Calculation finished normally
 
